ERROR - 2024-11-18 11:08:10 --> mysqli_sql_exception: Unknown column 'name' in 'where clause' in C:\xampp\htdocs\Gestion-Hotel\system\Database\MySQLi\Connection.php:312
Stack trace:
#0 C:\xampp\htdocs\Gestion-Hotel\system\Database\MySQLi\Connection.php(312): mysqli->query()
#1 C:\xampp\htdocs\Gestion-Hotel\system\Database\BaseConnection.php(734): CodeIgniter\Database\MySQLi\Connection->execute()
#2 C:\xampp\htdocs\Gestion-Hotel\system\Database\BaseConnection.php(648): CodeIgniter\Database\BaseConnection->simpleQuery()
#3 C:\xampp\htdocs\Gestion-Hotel\system\Database\BaseBuilder.php(1644): CodeIgniter\Database\BaseConnection->query()
#4 C:\xampp\htdocs\Gestion-Hotel\system\Model.php(286): CodeIgniter\Database\BaseBuilder->get()
#5 C:\xampp\htdocs\Gestion-Hotel\system\BaseModel.php(676): CodeIgniter\Model->doFindAll()
#6 C:\xampp\htdocs\Gestion-Hotel\app\Controllers\Admin\AdminController.php(68): CodeIgniter\BaseModel->findAll()
#7 C:\xampp\htdocs\Gestion-Hotel\system\CodeIgniter.php(933): App\Controllers\Admin\AdminController->search()
#8 C:\xampp\htdocs\Gestion-Hotel\system\CodeIgniter.php(509): CodeIgniter\CodeIgniter->runController()
#9 C:\xampp\htdocs\Gestion-Hotel\system\CodeIgniter.php(355): CodeIgniter\CodeIgniter->handleRequest()
#10 C:\xampp\htdocs\Gestion-Hotel\system\Boot.php(325): CodeIgniter\CodeIgniter->run()
#11 C:\xampp\htdocs\Gestion-Hotel\system\Boot.php(67): CodeIgniter\Boot::runCodeIgniter()
#12 C:\xampp\htdocs\Gestion-Hotel\public\index.php(56): CodeIgniter\Boot::bootWeb()
#13 C:\xampp\htdocs\Gestion-Hotel\system\rewrite.php(44): require_once('...')
#14 {main}
CRITICAL - 2024-11-18 11:08:10 --> CodeIgniter\Database\Exceptions\DatabaseException: Unknown column 'name' in 'where clause'
[Method: GET, Route: admin/search]
in SYSTEMPATH\Database\BaseConnection.php on line 688.
 1 SYSTEMPATH\Database\BaseBuilder.php(1644): CodeIgniter\Database\BaseConnection->query()
 2 SYSTEMPATH\Model.php(286): CodeIgniter\Database\BaseBuilder->get()
 3 SYSTEMPATH\BaseModel.php(676): CodeIgniter\Model->doFindAll()
 4 APPPATH\Controllers\Admin\AdminController.php(68): CodeIgniter\BaseModel->findAll()
 5 SYSTEMPATH\CodeIgniter.php(933): App\Controllers\Admin\AdminController->search()
 6 SYSTEMPATH\CodeIgniter.php(509): CodeIgniter\CodeIgniter->runController()
 7 SYSTEMPATH\CodeIgniter.php(355): CodeIgniter\CodeIgniter->handleRequest()
 8 SYSTEMPATH\Boot.php(325): CodeIgniter\CodeIgniter->run()
 9 SYSTEMPATH\Boot.php(67): CodeIgniter\Boot::runCodeIgniter()
10 FCPATH\index.php(56): CodeIgniter\Boot::bootWeb()
11 SYSTEMPATH\rewrite.php(44): require_once('C:\\xampp\\htdocs\\Gestion-Hotel\\public\\index.php')
CRITICAL - 2024-11-18 11:08:10 --> [Caused by] CodeIgniter\Database\Exceptions\DatabaseException: Unknown column 'name' in 'where clause'
in SYSTEMPATH\Database\MySQLi\Connection.php on line 317.
 1 SYSTEMPATH\Database\BaseConnection.php(734): CodeIgniter\Database\MySQLi\Connection->execute()
 2 SYSTEMPATH\Database\BaseConnection.php(648): CodeIgniter\Database\BaseConnection->simpleQuery()
 3 SYSTEMPATH\Database\BaseBuilder.php(1644): CodeIgniter\Database\BaseConnection->query()
 4 SYSTEMPATH\Model.php(286): CodeIgniter\Database\BaseBuilder->get()
 5 SYSTEMPATH\BaseModel.php(676): CodeIgniter\Model->doFindAll()
 6 APPPATH\Controllers\Admin\AdminController.php(68): CodeIgniter\BaseModel->findAll()
 7 SYSTEMPATH\CodeIgniter.php(933): App\Controllers\Admin\AdminController->search()
 8 SYSTEMPATH\CodeIgniter.php(509): CodeIgniter\CodeIgniter->runController()
 9 SYSTEMPATH\CodeIgniter.php(355): CodeIgniter\CodeIgniter->handleRequest()
10 SYSTEMPATH\Boot.php(325): CodeIgniter\CodeIgniter->run()
11 SYSTEMPATH\Boot.php(67): CodeIgniter\Boot::runCodeIgniter()
12 FCPATH\index.php(56): CodeIgniter\Boot::bootWeb()
13 SYSTEMPATH\rewrite.php(44): require_once('C:\\xampp\\htdocs\\Gestion-Hotel\\public\\index.php')
CRITICAL - 2024-11-18 11:08:10 --> [Caused by] mysqli_sql_exception: Unknown column 'name' in 'where clause'
in SYSTEMPATH\Database\MySQLi\Connection.php on line 312.
 1 SYSTEMPATH\Database\MySQLi\Connection.php(312): mysqli->query()
 2 SYSTEMPATH\Database\BaseConnection.php(734): CodeIgniter\Database\MySQLi\Connection->execute()
 3 SYSTEMPATH\Database\BaseConnection.php(648): CodeIgniter\Database\BaseConnection->simpleQuery()
 4 SYSTEMPATH\Database\BaseBuilder.php(1644): CodeIgniter\Database\BaseConnection->query()
 5 SYSTEMPATH\Model.php(286): CodeIgniter\Database\BaseBuilder->get()
 6 SYSTEMPATH\BaseModel.php(676): CodeIgniter\Model->doFindAll()
 7 APPPATH\Controllers\Admin\AdminController.php(68): CodeIgniter\BaseModel->findAll()
 8 SYSTEMPATH\CodeIgniter.php(933): App\Controllers\Admin\AdminController->search()
 9 SYSTEMPATH\CodeIgniter.php(509): CodeIgniter\CodeIgniter->runController()
10 SYSTEMPATH\CodeIgniter.php(355): CodeIgniter\CodeIgniter->handleRequest()
11 SYSTEMPATH\Boot.php(325): CodeIgniter\CodeIgniter->run()
12 SYSTEMPATH\Boot.php(67): CodeIgniter\Boot::runCodeIgniter()
13 FCPATH\index.php(56): CodeIgniter\Boot::bootWeb()
14 SYSTEMPATH\rewrite.php(44): require_once('C:\\xampp\\htdocs\\Gestion-Hotel\\public\\index.php')
ERROR - 2024-11-18 11:18:17 --> mysqli_sql_exception: Unknown column 'name' in 'where clause' in C:\xampp\htdocs\Gestion-Hotel\system\Database\MySQLi\Connection.php:312
Stack trace:
#0 C:\xampp\htdocs\Gestion-Hotel\system\Database\MySQLi\Connection.php(312): mysqli->query()
#1 C:\xampp\htdocs\Gestion-Hotel\system\Database\BaseConnection.php(734): CodeIgniter\Database\MySQLi\Connection->execute()
#2 C:\xampp\htdocs\Gestion-Hotel\system\Database\BaseConnection.php(648): CodeIgniter\Database\BaseConnection->simpleQuery()
#3 C:\xampp\htdocs\Gestion-Hotel\system\Database\BaseBuilder.php(1644): CodeIgniter\Database\BaseConnection->query()
#4 C:\xampp\htdocs\Gestion-Hotel\system\Model.php(286): CodeIgniter\Database\BaseBuilder->get()
#5 C:\xampp\htdocs\Gestion-Hotel\system\BaseModel.php(676): CodeIgniter\Model->doFindAll()
#6 C:\xampp\htdocs\Gestion-Hotel\app\Controllers\Admin\AdminController.php(68): CodeIgniter\BaseModel->findAll()
#7 C:\xampp\htdocs\Gestion-Hotel\system\CodeIgniter.php(933): App\Controllers\Admin\AdminController->search()
#8 C:\xampp\htdocs\Gestion-Hotel\system\CodeIgniter.php(509): CodeIgniter\CodeIgniter->runController()
#9 C:\xampp\htdocs\Gestion-Hotel\system\CodeIgniter.php(355): CodeIgniter\CodeIgniter->handleRequest()
#10 C:\xampp\htdocs\Gestion-Hotel\system\Boot.php(325): CodeIgniter\CodeIgniter->run()
#11 C:\xampp\htdocs\Gestion-Hotel\system\Boot.php(67): CodeIgniter\Boot::runCodeIgniter()
#12 C:\xampp\htdocs\Gestion-Hotel\public\index.php(56): CodeIgniter\Boot::bootWeb()
#13 C:\xampp\htdocs\Gestion-Hotel\system\rewrite.php(44): require_once('...')
#14 {main}
CRITICAL - 2024-11-18 11:18:17 --> CodeIgniter\Database\Exceptions\DatabaseException: Unknown column 'name' in 'where clause'
[Method: GET, Route: admin/search]
in SYSTEMPATH\Database\BaseConnection.php on line 688.
 1 SYSTEMPATH\Database\BaseBuilder.php(1644): CodeIgniter\Database\BaseConnection->query()
 2 SYSTEMPATH\Model.php(286): CodeIgniter\Database\BaseBuilder->get()
 3 SYSTEMPATH\BaseModel.php(676): CodeIgniter\Model->doFindAll()
 4 APPPATH\Controllers\Admin\AdminController.php(68): CodeIgniter\BaseModel->findAll()
 5 SYSTEMPATH\CodeIgniter.php(933): App\Controllers\Admin\AdminController->search()
 6 SYSTEMPATH\CodeIgniter.php(509): CodeIgniter\CodeIgniter->runController()
 7 SYSTEMPATH\CodeIgniter.php(355): CodeIgniter\CodeIgniter->handleRequest()
 8 SYSTEMPATH\Boot.php(325): CodeIgniter\CodeIgniter->run()
 9 SYSTEMPATH\Boot.php(67): CodeIgniter\Boot::runCodeIgniter()
10 FCPATH\index.php(56): CodeIgniter\Boot::bootWeb()
11 SYSTEMPATH\rewrite.php(44): require_once('C:\\xampp\\htdocs\\Gestion-Hotel\\public\\index.php')
CRITICAL - 2024-11-18 11:18:17 --> [Caused by] CodeIgniter\Database\Exceptions\DatabaseException: Unknown column 'name' in 'where clause'
in SYSTEMPATH\Database\MySQLi\Connection.php on line 317.
 1 SYSTEMPATH\Database\BaseConnection.php(734): CodeIgniter\Database\MySQLi\Connection->execute()
 2 SYSTEMPATH\Database\BaseConnection.php(648): CodeIgniter\Database\BaseConnection->simpleQuery()
 3 SYSTEMPATH\Database\BaseBuilder.php(1644): CodeIgniter\Database\BaseConnection->query()
 4 SYSTEMPATH\Model.php(286): CodeIgniter\Database\BaseBuilder->get()
 5 SYSTEMPATH\BaseModel.php(676): CodeIgniter\Model->doFindAll()
 6 APPPATH\Controllers\Admin\AdminController.php(68): CodeIgniter\BaseModel->findAll()
 7 SYSTEMPATH\CodeIgniter.php(933): App\Controllers\Admin\AdminController->search()
 8 SYSTEMPATH\CodeIgniter.php(509): CodeIgniter\CodeIgniter->runController()
 9 SYSTEMPATH\CodeIgniter.php(355): CodeIgniter\CodeIgniter->handleRequest()
10 SYSTEMPATH\Boot.php(325): CodeIgniter\CodeIgniter->run()
11 SYSTEMPATH\Boot.php(67): CodeIgniter\Boot::runCodeIgniter()
12 FCPATH\index.php(56): CodeIgniter\Boot::bootWeb()
13 SYSTEMPATH\rewrite.php(44): require_once('C:\\xampp\\htdocs\\Gestion-Hotel\\public\\index.php')
CRITICAL - 2024-11-18 11:18:17 --> [Caused by] mysqli_sql_exception: Unknown column 'name' in 'where clause'
in SYSTEMPATH\Database\MySQLi\Connection.php on line 312.
 1 SYSTEMPATH\Database\MySQLi\Connection.php(312): mysqli->query()
 2 SYSTEMPATH\Database\BaseConnection.php(734): CodeIgniter\Database\MySQLi\Connection->execute()
 3 SYSTEMPATH\Database\BaseConnection.php(648): CodeIgniter\Database\BaseConnection->simpleQuery()
 4 SYSTEMPATH\Database\BaseBuilder.php(1644): CodeIgniter\Database\BaseConnection->query()
 5 SYSTEMPATH\Model.php(286): CodeIgniter\Database\BaseBuilder->get()
 6 SYSTEMPATH\BaseModel.php(676): CodeIgniter\Model->doFindAll()
 7 APPPATH\Controllers\Admin\AdminController.php(68): CodeIgniter\BaseModel->findAll()
 8 SYSTEMPATH\CodeIgniter.php(933): App\Controllers\Admin\AdminController->search()
 9 SYSTEMPATH\CodeIgniter.php(509): CodeIgniter\CodeIgniter->runController()
10 SYSTEMPATH\CodeIgniter.php(355): CodeIgniter\CodeIgniter->handleRequest()
11 SYSTEMPATH\Boot.php(325): CodeIgniter\CodeIgniter->run()
12 SYSTEMPATH\Boot.php(67): CodeIgniter\Boot::runCodeIgniter()
13 FCPATH\index.php(56): CodeIgniter\Boot::bootWeb()
14 SYSTEMPATH\rewrite.php(44): require_once('C:\\xampp\\htdocs\\Gestion-Hotel\\public\\index.php')
CRITICAL - 2024-11-18 11:23:38 --> ErrorException: Undefined array key "name"
[Method: GET, Route: admin/search]
in APPPATH\Views\Admin\search_results.php on line 19.
 1 APPPATH\Views\Admin\search_results.php(19): CodeIgniter\Debug\Exceptions->errorHandler()
 2 SYSTEMPATH\View\View.php(234): include('C:\\xampp\\htdocs\\Gestion-Hotel\\app\\Views\\Admin\\search_results.php')
 3 SYSTEMPATH\View\View.php(237): CodeIgniter\View\View->CodeIgniter\View\{closure}()
 4 SYSTEMPATH\Common.php(1171): CodeIgniter\View\View->render()
 5 APPPATH\Controllers\Admin\AdminController.php(73): view()
 6 SYSTEMPATH\CodeIgniter.php(933): App\Controllers\Admin\AdminController->search()
 7 SYSTEMPATH\CodeIgniter.php(509): CodeIgniter\CodeIgniter->runController()
 8 SYSTEMPATH\CodeIgniter.php(355): CodeIgniter\CodeIgniter->handleRequest()
 9 SYSTEMPATH\Boot.php(325): CodeIgniter\CodeIgniter->run()
10 SYSTEMPATH\Boot.php(67): CodeIgniter\Boot::runCodeIgniter()
11 FCPATH\index.php(56): CodeIgniter\Boot::bootWeb()
12 SYSTEMPATH\rewrite.php(44): require_once('C:\\xampp\\htdocs\\Gestion-Hotel\\public\\index.php')
CRITICAL - 2024-11-18 11:35:54 --> ErrorException: Undefined array key "email"
[Method: GET, Route: admin/search]
in APPPATH\Views\Admin\search_results.php on line 28.
 1 APPPATH\Views\Admin\search_results.php(28): CodeIgniter\Debug\Exceptions->errorHandler()
 2 SYSTEMPATH\View\View.php(234): include('C:\\xampp\\htdocs\\Gestion-Hotel\\app\\Views\\Admin\\search_results.php')
 3 SYSTEMPATH\View\View.php(237): CodeIgniter\View\View->CodeIgniter\View\{closure}()
 4 SYSTEMPATH\Common.php(1171): CodeIgniter\View\View->render()
 5 APPPATH\Controllers\Admin\AdminController.php(72): view()
 6 SYSTEMPATH\CodeIgniter.php(933): App\Controllers\Admin\AdminController->search()
 7 SYSTEMPATH\CodeIgniter.php(509): CodeIgniter\CodeIgniter->runController()
 8 SYSTEMPATH\CodeIgniter.php(355): CodeIgniter\CodeIgniter->handleRequest()
 9 SYSTEMPATH\Boot.php(325): CodeIgniter\CodeIgniter->run()
10 SYSTEMPATH\Boot.php(67): CodeIgniter\Boot::runCodeIgniter()
11 FCPATH\index.php(56): CodeIgniter\Boot::bootWeb()
12 SYSTEMPATH\rewrite.php(44): require_once('C:\\xampp\\htdocs\\Gestion-Hotel\\public\\index.php')
CRITICAL - 2024-11-18 11:36:49 --> ErrorException: Undefined array key "type_chambre"
[Method: GET, Route: admin/search]
in APPPATH\Views\Admin\search_results.php on line 49.
 1 APPPATH\Views\Admin\search_results.php(49): CodeIgniter\Debug\Exceptions->errorHandler()
 2 SYSTEMPATH\View\View.php(234): include('C:\\xampp\\htdocs\\Gestion-Hotel\\app\\Views\\Admin\\search_results.php')
 3 SYSTEMPATH\View\View.php(237): CodeIgniter\View\View->CodeIgniter\View\{closure}()
 4 SYSTEMPATH\Common.php(1171): CodeIgniter\View\View->render()
 5 APPPATH\Controllers\Admin\AdminController.php(72): view()
 6 SYSTEMPATH\CodeIgniter.php(933): App\Controllers\Admin\AdminController->search()
 7 SYSTEMPATH\CodeIgniter.php(509): CodeIgniter\CodeIgniter->runController()
 8 SYSTEMPATH\CodeIgniter.php(355): CodeIgniter\CodeIgniter->handleRequest()
 9 SYSTEMPATH\Boot.php(325): CodeIgniter\CodeIgniter->run()
10 SYSTEMPATH\Boot.php(67): CodeIgniter\Boot::runCodeIgniter()
11 FCPATH\index.php(56): CodeIgniter\Boot::bootWeb()
12 SYSTEMPATH\rewrite.php(44): require_once('C:\\xampp\\htdocs\\Gestion-Hotel\\public\\index.php')
INFO - 2024-11-18 11:38:05 --> Session: Class initialized using 'CodeIgniter\Session\Handlers\FileHandler' driver.
CRITICAL - 2024-11-18 11:39:12 --> TypeError: CodeIgniter\Database\BaseBuilder::setBind(): Argument #1 ($key) must be of type string, int given, called in C:\xampp\htdocs\Gestion-Hotel\system\Database\BaseBuilder.php on line 1166
[Method: GET, Route: admin/search]
in SYSTEMPATH\Database\BaseBuilder.php on line 3515.
 1 SYSTEMPATH\Database\BaseBuilder.php(1166): CodeIgniter\Database\BaseBuilder->setBind()
 2 SYSTEMPATH\Database\BaseBuilder.php(1005): CodeIgniter\Database\BaseBuilder->_like()
 3 SYSTEMPATH\Model.php(930): CodeIgniter\Database\BaseBuilder->like()
 4 APPPATH\Controllers\Admin\AdminController.php(67): CodeIgniter\Model->__call()
 5 SYSTEMPATH\CodeIgniter.php(933): App\Controllers\Admin\AdminController->search()
 6 SYSTEMPATH\CodeIgniter.php(509): CodeIgniter\CodeIgniter->runController()
 7 SYSTEMPATH\CodeIgniter.php(355): CodeIgniter\CodeIgniter->handleRequest()
 8 SYSTEMPATH\Boot.php(325): CodeIgniter\CodeIgniter->run()
 9 SYSTEMPATH\Boot.php(67): CodeIgniter\Boot::runCodeIgniter()
10 FCPATH\index.php(56): CodeIgniter\Boot::bootWeb()
11 SYSTEMPATH\rewrite.php(44): require_once('C:\\xampp\\htdocs\\Gestion-Hotel\\public\\index.php')
INFO - 2024-11-18 11:40:25 --> Session: Class initialized using 'CodeIgniter\Session\Handlers\FileHandler' driver.
INFO - 2024-11-18 11:43:02 --> Session: Class initialized using 'CodeIgniter\Session\Handlers\FileHandler' driver.
CRITICAL - 2024-11-18 11:54:43 --> ErrorException: Undefined variable $types
[Method: GET, Route: admin/chambres]
in APPPATH\Views\Admin\chambres\index.php on line 33.
 1 APPPATH\Views\Admin\chambres\index.php(33): CodeIgniter\Debug\Exceptions->errorHandler()
 2 SYSTEMPATH\View\View.php(234): include('C:\\xampp\\htdocs\\Gestion-Hotel\\app\\Views\\Admin\\chambres\\index.php')
 3 SYSTEMPATH\View\View.php(237): CodeIgniter\View\View->CodeIgniter\View\{closure}()
 4 SYSTEMPATH\Common.php(1171): CodeIgniter\View\View->render()
 5 APPPATH\Controllers\Admin\ChambreController.php(18): view()
 6 SYSTEMPATH\CodeIgniter.php(933): App\Controllers\Admin\ChambreController->index()
 7 SYSTEMPATH\CodeIgniter.php(509): CodeIgniter\CodeIgniter->runController()
 8 SYSTEMPATH\CodeIgniter.php(355): CodeIgniter\CodeIgniter->handleRequest()
 9 SYSTEMPATH\Boot.php(325): CodeIgniter\CodeIgniter->run()
10 SYSTEMPATH\Boot.php(67): CodeIgniter\Boot::runCodeIgniter()
11 FCPATH\index.php(56): CodeIgniter\Boot::bootWeb()
12 SYSTEMPATH\rewrite.php(44): require_once('C:\\xampp\\htdocs\\Gestion-Hotel\\public\\index.php')
ERROR - 2024-11-18 12:01:02 --> mysqli_sql_exception: Unknown column 'type_id' in 'where clause' in C:\xampp\htdocs\Gestion-Hotel\system\Database\MySQLi\Connection.php:312
Stack trace:
#0 C:\xampp\htdocs\Gestion-Hotel\system\Database\MySQLi\Connection.php(312): mysqli->query()
#1 C:\xampp\htdocs\Gestion-Hotel\system\Database\BaseConnection.php(734): CodeIgniter\Database\MySQLi\Connection->execute()
#2 C:\xampp\htdocs\Gestion-Hotel\system\Database\BaseConnection.php(648): CodeIgniter\Database\BaseConnection->simpleQuery()
#3 C:\xampp\htdocs\Gestion-Hotel\system\Database\BaseBuilder.php(1644): CodeIgniter\Database\BaseConnection->query()
#4 C:\xampp\htdocs\Gestion-Hotel\system\Model.php(286): CodeIgniter\Database\BaseBuilder->get()
#5 C:\xampp\htdocs\Gestion-Hotel\system\BaseModel.php(676): CodeIgniter\Model->doFindAll()
#6 C:\xampp\htdocs\Gestion-Hotel\app\Models\ChambreModel.php(37): CodeIgniter\BaseModel->findAll()
#7 C:\xampp\htdocs\Gestion-Hotel\app\Controllers\Admin\ChambreController.php(33): App\Models\ChambreModel->getWithType()
#8 C:\xampp\htdocs\Gestion-Hotel\system\CodeIgniter.php(933): App\Controllers\Admin\ChambreController->index()
#9 C:\xampp\htdocs\Gestion-Hotel\system\CodeIgniter.php(509): CodeIgniter\CodeIgniter->runController()
#10 C:\xampp\htdocs\Gestion-Hotel\system\CodeIgniter.php(355): CodeIgniter\CodeIgniter->handleRequest()
#11 C:\xampp\htdocs\Gestion-Hotel\system\Boot.php(325): CodeIgniter\CodeIgniter->run()
#12 C:\xampp\htdocs\Gestion-Hotel\system\Boot.php(67): CodeIgniter\Boot::runCodeIgniter()
#13 C:\xampp\htdocs\Gestion-Hotel\public\index.php(56): CodeIgniter\Boot::bootWeb()
#14 C:\xampp\htdocs\Gestion-Hotel\system\rewrite.php(44): require_once('...')
#15 {main}
CRITICAL - 2024-11-18 12:01:02 --> CodeIgniter\Database\Exceptions\DatabaseException: Unknown column 'type_id' in 'where clause'
[Method: GET, Route: admin/chambres]
in SYSTEMPATH\Database\BaseConnection.php on line 688.
 1 SYSTEMPATH\Database\BaseBuilder.php(1644): CodeIgniter\Database\BaseConnection->query()
 2 SYSTEMPATH\Model.php(286): CodeIgniter\Database\BaseBuilder->get()
 3 SYSTEMPATH\BaseModel.php(676): CodeIgniter\Model->doFindAll()
 4 APPPATH\Models\ChambreModel.php(37): CodeIgniter\BaseModel->findAll()
 5 APPPATH\Controllers\Admin\ChambreController.php(33): App\Models\ChambreModel->getWithType()
 6 SYSTEMPATH\CodeIgniter.php(933): App\Controllers\Admin\ChambreController->index()
 7 SYSTEMPATH\CodeIgniter.php(509): CodeIgniter\CodeIgniter->runController()
 8 SYSTEMPATH\CodeIgniter.php(355): CodeIgniter\CodeIgniter->handleRequest()
 9 SYSTEMPATH\Boot.php(325): CodeIgniter\CodeIgniter->run()
10 SYSTEMPATH\Boot.php(67): CodeIgniter\Boot::runCodeIgniter()
11 FCPATH\index.php(56): CodeIgniter\Boot::bootWeb()
12 SYSTEMPATH\rewrite.php(44): require_once('C:\\xampp\\htdocs\\Gestion-Hotel\\public\\index.php')
CRITICAL - 2024-11-18 12:01:02 --> [Caused by] CodeIgniter\Database\Exceptions\DatabaseException: Unknown column 'type_id' in 'where clause'
in SYSTEMPATH\Database\MySQLi\Connection.php on line 317.
 1 SYSTEMPATH\Database\BaseConnection.php(734): CodeIgniter\Database\MySQLi\Connection->execute()
 2 SYSTEMPATH\Database\BaseConnection.php(648): CodeIgniter\Database\BaseConnection->simpleQuery()
 3 SYSTEMPATH\Database\BaseBuilder.php(1644): CodeIgniter\Database\BaseConnection->query()
 4 SYSTEMPATH\Model.php(286): CodeIgniter\Database\BaseBuilder->get()
 5 SYSTEMPATH\BaseModel.php(676): CodeIgniter\Model->doFindAll()
 6 APPPATH\Models\ChambreModel.php(37): CodeIgniter\BaseModel->findAll()
 7 APPPATH\Controllers\Admin\ChambreController.php(33): App\Models\ChambreModel->getWithType()
 8 SYSTEMPATH\CodeIgniter.php(933): App\Controllers\Admin\ChambreController->index()
 9 SYSTEMPATH\CodeIgniter.php(509): CodeIgniter\CodeIgniter->runController()
10 SYSTEMPATH\CodeIgniter.php(355): CodeIgniter\CodeIgniter->handleRequest()
11 SYSTEMPATH\Boot.php(325): CodeIgniter\CodeIgniter->run()
12 SYSTEMPATH\Boot.php(67): CodeIgniter\Boot::runCodeIgniter()
13 FCPATH\index.php(56): CodeIgniter\Boot::bootWeb()
14 SYSTEMPATH\rewrite.php(44): require_once('C:\\xampp\\htdocs\\Gestion-Hotel\\public\\index.php')
CRITICAL - 2024-11-18 12:01:02 --> [Caused by] mysqli_sql_exception: Unknown column 'type_id' in 'where clause'
in SYSTEMPATH\Database\MySQLi\Connection.php on line 312.
 1 SYSTEMPATH\Database\MySQLi\Connection.php(312): mysqli->query()
 2 SYSTEMPATH\Database\BaseConnection.php(734): CodeIgniter\Database\MySQLi\Connection->execute()
 3 SYSTEMPATH\Database\BaseConnection.php(648): CodeIgniter\Database\BaseConnection->simpleQuery()
 4 SYSTEMPATH\Database\BaseBuilder.php(1644): CodeIgniter\Database\BaseConnection->query()
 5 SYSTEMPATH\Model.php(286): CodeIgniter\Database\BaseBuilder->get()
 6 SYSTEMPATH\BaseModel.php(676): CodeIgniter\Model->doFindAll()
 7 APPPATH\Models\ChambreModel.php(37): CodeIgniter\BaseModel->findAll()
 8 APPPATH\Controllers\Admin\ChambreController.php(33): App\Models\ChambreModel->getWithType()
 9 SYSTEMPATH\CodeIgniter.php(933): App\Controllers\Admin\ChambreController->index()
10 SYSTEMPATH\CodeIgniter.php(509): CodeIgniter\CodeIgniter->runController()
11 SYSTEMPATH\CodeIgniter.php(355): CodeIgniter\CodeIgniter->handleRequest()
12 SYSTEMPATH\Boot.php(325): CodeIgniter\CodeIgniter->run()
13 SYSTEMPATH\Boot.php(67): CodeIgniter\Boot::runCodeIgniter()
14 FCPATH\index.php(56): CodeIgniter\Boot::bootWeb()
15 SYSTEMPATH\rewrite.php(44): require_once('C:\\xampp\\htdocs\\Gestion-Hotel\\public\\index.php')
ERROR - 2024-11-18 12:04:03 --> mysqli_sql_exception: Unknown column 'type_nom' in 'where clause' in C:\xampp\htdocs\Gestion-Hotel\system\Database\MySQLi\Connection.php:312
Stack trace:
#0 C:\xampp\htdocs\Gestion-Hotel\system\Database\MySQLi\Connection.php(312): mysqli->query()
#1 C:\xampp\htdocs\Gestion-Hotel\system\Database\BaseConnection.php(734): CodeIgniter\Database\MySQLi\Connection->execute()
#2 C:\xampp\htdocs\Gestion-Hotel\system\Database\BaseConnection.php(648): CodeIgniter\Database\BaseConnection->simpleQuery()
#3 C:\xampp\htdocs\Gestion-Hotel\system\Database\BaseBuilder.php(1644): CodeIgniter\Database\BaseConnection->query()
#4 C:\xampp\htdocs\Gestion-Hotel\system\Model.php(286): CodeIgniter\Database\BaseBuilder->get()
#5 C:\xampp\htdocs\Gestion-Hotel\system\BaseModel.php(676): CodeIgniter\Model->doFindAll()
#6 C:\xampp\htdocs\Gestion-Hotel\app\Models\ChambreModel.php(37): CodeIgniter\BaseModel->findAll()
#7 C:\xampp\htdocs\Gestion-Hotel\app\Controllers\Admin\ChambreController.php(33): App\Models\ChambreModel->getWithType()
#8 C:\xampp\htdocs\Gestion-Hotel\system\CodeIgniter.php(933): App\Controllers\Admin\ChambreController->index()
#9 C:\xampp\htdocs\Gestion-Hotel\system\CodeIgniter.php(509): CodeIgniter\CodeIgniter->runController()
#10 C:\xampp\htdocs\Gestion-Hotel\system\CodeIgniter.php(355): CodeIgniter\CodeIgniter->handleRequest()
#11 C:\xampp\htdocs\Gestion-Hotel\system\Boot.php(325): CodeIgniter\CodeIgniter->run()
#12 C:\xampp\htdocs\Gestion-Hotel\system\Boot.php(67): CodeIgniter\Boot::runCodeIgniter()
#13 C:\xampp\htdocs\Gestion-Hotel\public\index.php(56): CodeIgniter\Boot::bootWeb()
#14 C:\xampp\htdocs\Gestion-Hotel\system\rewrite.php(44): require_once('...')
#15 {main}
CRITICAL - 2024-11-18 12:04:03 --> CodeIgniter\Database\Exceptions\DatabaseException: Unknown column 'type_nom' in 'where clause'
[Method: GET, Route: admin/chambres]
in SYSTEMPATH\Database\BaseConnection.php on line 688.
 1 SYSTEMPATH\Database\BaseBuilder.php(1644): CodeIgniter\Database\BaseConnection->query()
 2 SYSTEMPATH\Model.php(286): CodeIgniter\Database\BaseBuilder->get()
 3 SYSTEMPATH\BaseModel.php(676): CodeIgniter\Model->doFindAll()
 4 APPPATH\Models\ChambreModel.php(37): CodeIgniter\BaseModel->findAll()
 5 APPPATH\Controllers\Admin\ChambreController.php(33): App\Models\ChambreModel->getWithType()
 6 SYSTEMPATH\CodeIgniter.php(933): App\Controllers\Admin\ChambreController->index()
 7 SYSTEMPATH\CodeIgniter.php(509): CodeIgniter\CodeIgniter->runController()
 8 SYSTEMPATH\CodeIgniter.php(355): CodeIgniter\CodeIgniter->handleRequest()
 9 SYSTEMPATH\Boot.php(325): CodeIgniter\CodeIgniter->run()
10 SYSTEMPATH\Boot.php(67): CodeIgniter\Boot::runCodeIgniter()
11 FCPATH\index.php(56): CodeIgniter\Boot::bootWeb()
12 SYSTEMPATH\rewrite.php(44): require_once('C:\\xampp\\htdocs\\Gestion-Hotel\\public\\index.php')
CRITICAL - 2024-11-18 12:04:03 --> [Caused by] CodeIgniter\Database\Exceptions\DatabaseException: Unknown column 'type_nom' in 'where clause'
in SYSTEMPATH\Database\MySQLi\Connection.php on line 317.
 1 SYSTEMPATH\Database\BaseConnection.php(734): CodeIgniter\Database\MySQLi\Connection->execute()
 2 SYSTEMPATH\Database\BaseConnection.php(648): CodeIgniter\Database\BaseConnection->simpleQuery()
 3 SYSTEMPATH\Database\BaseBuilder.php(1644): CodeIgniter\Database\BaseConnection->query()
 4 SYSTEMPATH\Model.php(286): CodeIgniter\Database\BaseBuilder->get()
 5 SYSTEMPATH\BaseModel.php(676): CodeIgniter\Model->doFindAll()
 6 APPPATH\Models\ChambreModel.php(37): CodeIgniter\BaseModel->findAll()
 7 APPPATH\Controllers\Admin\ChambreController.php(33): App\Models\ChambreModel->getWithType()
 8 SYSTEMPATH\CodeIgniter.php(933): App\Controllers\Admin\ChambreController->index()
 9 SYSTEMPATH\CodeIgniter.php(509): CodeIgniter\CodeIgniter->runController()
10 SYSTEMPATH\CodeIgniter.php(355): CodeIgniter\CodeIgniter->handleRequest()
11 SYSTEMPATH\Boot.php(325): CodeIgniter\CodeIgniter->run()
12 SYSTEMPATH\Boot.php(67): CodeIgniter\Boot::runCodeIgniter()
13 FCPATH\index.php(56): CodeIgniter\Boot::bootWeb()
14 SYSTEMPATH\rewrite.php(44): require_once('C:\\xampp\\htdocs\\Gestion-Hotel\\public\\index.php')
CRITICAL - 2024-11-18 12:04:03 --> [Caused by] mysqli_sql_exception: Unknown column 'type_nom' in 'where clause'
in SYSTEMPATH\Database\MySQLi\Connection.php on line 312.
 1 SYSTEMPATH\Database\MySQLi\Connection.php(312): mysqli->query()
 2 SYSTEMPATH\Database\BaseConnection.php(734): CodeIgniter\Database\MySQLi\Connection->execute()
 3 SYSTEMPATH\Database\BaseConnection.php(648): CodeIgniter\Database\BaseConnection->simpleQuery()
 4 SYSTEMPATH\Database\BaseBuilder.php(1644): CodeIgniter\Database\BaseConnection->query()
 5 SYSTEMPATH\Model.php(286): CodeIgniter\Database\BaseBuilder->get()
 6 SYSTEMPATH\BaseModel.php(676): CodeIgniter\Model->doFindAll()
 7 APPPATH\Models\ChambreModel.php(37): CodeIgniter\BaseModel->findAll()
 8 APPPATH\Controllers\Admin\ChambreController.php(33): App\Models\ChambreModel->getWithType()
 9 SYSTEMPATH\CodeIgniter.php(933): App\Controllers\Admin\ChambreController->index()
10 SYSTEMPATH\CodeIgniter.php(509): CodeIgniter\CodeIgniter->runController()
11 SYSTEMPATH\CodeIgniter.php(355): CodeIgniter\CodeIgniter->handleRequest()
12 SYSTEMPATH\Boot.php(325): CodeIgniter\CodeIgniter->run()
13 SYSTEMPATH\Boot.php(67): CodeIgniter\Boot::runCodeIgniter()
14 FCPATH\index.php(56): CodeIgniter\Boot::bootWeb()
15 SYSTEMPATH\rewrite.php(44): require_once('C:\\xampp\\htdocs\\Gestion-Hotel\\public\\index.php')
INFO - 2024-11-18 12:05:43 --> Session: Class initialized using 'CodeIgniter\Session\Handlers\FileHandler' driver.
INFO - 2024-11-18 12:06:18 --> Session: Class initialized using 'CodeIgniter\Session\Handlers\FileHandler' driver.
INFO - 2024-11-18 12:06:27 --> Session: Class initialized using 'CodeIgniter\Session\Handlers\FileHandler' driver.
INFO - 2024-11-18 12:06:42 --> Session: Class initialized using 'CodeIgniter\Session\Handlers\FileHandler' driver.
INFO - 2024-11-18 12:07:42 --> Session: Class initialized using 'CodeIgniter\Session\Handlers\FileHandler' driver.
INFO - 2024-11-18 12:11:57 --> Session: Class initialized using 'CodeIgniter\Session\Handlers\FileHandler' driver.
INFO - 2024-11-18 12:16:02 --> Session: Class initialized using 'CodeIgniter\Session\Handlers\FileHandler' driver.
INFO - 2024-11-18 12:16:07 --> Session: Class initialized using 'CodeIgniter\Session\Handlers\FileHandler' driver.
INFO - 2024-11-18 12:16:12 --> Session: Class initialized using 'CodeIgniter\Session\Handlers\FileHandler' driver.
INFO - 2024-11-18 12:16:18 --> Session: Class initialized using 'CodeIgniter\Session\Handlers\FileHandler' driver.
INFO - 2024-11-18 12:16:22 --> Session: Class initialized using 'CodeIgniter\Session\Handlers\FileHandler' driver.
INFO - 2024-11-18 12:16:26 --> Session: Class initialized using 'CodeIgniter\Session\Handlers\FileHandler' driver.
INFO - 2024-11-18 12:16:30 --> Session: Class initialized using 'CodeIgniter\Session\Handlers\FileHandler' driver.
INFO - 2024-11-18 12:16:37 --> Session: Class initialized using 'CodeIgniter\Session\Handlers\FileHandler' driver.
INFO - 2024-11-18 12:16:41 --> Session: Class initialized using 'CodeIgniter\Session\Handlers\FileHandler' driver.
INFO - 2024-11-18 12:16:46 --> Session: Class initialized using 'CodeIgniter\Session\Handlers\FileHandler' driver.
INFO - 2024-11-18 12:17:07 --> Session: Class initialized using 'CodeIgniter\Session\Handlers\FileHandler' driver.
INFO - 2024-11-18 12:17:11 --> Session: Class initialized using 'CodeIgniter\Session\Handlers\FileHandler' driver.
INFO - 2024-11-18 12:17:15 --> Session: Class initialized using 'CodeIgniter\Session\Handlers\FileHandler' driver.
INFO - 2024-11-18 12:17:18 --> Session: Class initialized using 'CodeIgniter\Session\Handlers\FileHandler' driver.
INFO - 2024-11-18 12:17:22 --> Session: Class initialized using 'CodeIgniter\Session\Handlers\FileHandler' driver.
INFO - 2024-11-18 12:18:58 --> Session: Class initialized using 'CodeIgniter\Session\Handlers\FileHandler' driver.
INFO - 2024-11-18 12:19:02 --> Session: Class initialized using 'CodeIgniter\Session\Handlers\FileHandler' driver.
INFO - 2024-11-18 12:19:06 --> Session: Class initialized using 'CodeIgniter\Session\Handlers\FileHandler' driver.
INFO - 2024-11-18 12:19:09 --> Session: Class initialized using 'CodeIgniter\Session\Handlers\FileHandler' driver.
INFO - 2024-11-18 12:19:16 --> Session: Class initialized using 'CodeIgniter\Session\Handlers\FileHandler' driver.
INFO - 2024-11-18 12:19:20 --> Session: Class initialized using 'CodeIgniter\Session\Handlers\FileHandler' driver.
INFO - 2024-11-18 12:19:43 --> Session: Class initialized using 'CodeIgniter\Session\Handlers\FileHandler' driver.
INFO - 2024-11-18 12:20:56 --> Session: Class initialized using 'CodeIgniter\Session\Handlers\FileHandler' driver.
INFO - 2024-11-18 12:21:03 --> Session: Class initialized using 'CodeIgniter\Session\Handlers\FileHandler' driver.
INFO - 2024-11-18 12:21:07 --> Session: Class initialized using 'CodeIgniter\Session\Handlers\FileHandler' driver.
INFO - 2024-11-18 12:21:28 --> Session: Class initialized using 'CodeIgniter\Session\Handlers\FileHandler' driver.
INFO - 2024-11-18 12:21:59 --> Session: Class initialized using 'CodeIgniter\Session\Handlers\FileHandler' driver.
INFO - 2024-11-18 12:22:28 --> Session: Class initialized using 'CodeIgniter\Session\Handlers\FileHandler' driver.
INFO - 2024-11-18 12:22:29 --> Session: Class initialized using 'CodeIgniter\Session\Handlers\FileHandler' driver.
INFO - 2024-11-18 12:22:48 --> Session: Class initialized using 'CodeIgniter\Session\Handlers\FileHandler' driver.
INFO - 2024-11-18 12:22:53 --> Session: Class initialized using 'CodeIgniter\Session\Handlers\FileHandler' driver.
INFO - 2024-11-18 12:27:07 --> Session: Class initialized using 'CodeIgniter\Session\Handlers\FileHandler' driver.
INFO - 2024-11-18 12:27:17 --> Session: Class initialized using 'CodeIgniter\Session\Handlers\FileHandler' driver.
INFO - 2024-11-18 12:27:22 --> Session: Class initialized using 'CodeIgniter\Session\Handlers\FileHandler' driver.
INFO - 2024-11-18 12:27:26 --> Session: Class initialized using 'CodeIgniter\Session\Handlers\FileHandler' driver.
INFO - 2024-11-18 12:27:30 --> Session: Class initialized using 'CodeIgniter\Session\Handlers\FileHandler' driver.
INFO - 2024-11-18 12:28:03 --> Session: Class initialized using 'CodeIgniter\Session\Handlers\FileHandler' driver.
