ERROR - 2024-11-04 23:15:04 --> mysqli_sql_exception: You have an error in your SQL syntax; check the manual that corresponds to your MariaDB server version for the right syntax to use near '1 PRIMARY KEY(`id`)
) DEFAULT CHARACTER SET = utf8mb4 COLLATE = utf8mb4_gener...' at line 9 in C:\xampp\htdocs\Gestion-Hotel\system\Database\MySQLi\Connection.php:312
Stack trace:
#0 C:\xampp\htdocs\Gestion-Hotel\system\Database\MySQLi\Connection.php(312): mysqli->query()
#1 C:\xampp\htdocs\Gestion-Hotel\system\Database\BaseConnection.php(734): CodeIgniter\Database\MySQLi\Connection->execute()
#2 C:\xampp\htdocs\Gestion-Hotel\system\Database\BaseConnection.php(648): CodeIgniter\Database\BaseConnection->simpleQuery()
#3 C:\xampp\htdocs\Gestion-Hotel\system\Database\Forge.php(570): CodeIgniter\Database\BaseConnection->query()
#4 C:\xampp\htdocs\Gestion-Hotel\app\Database\Migrations\2024-11-04-194134_Users.php(23): CodeIgniter\Database\Forge->createTable()
#5 C:\xampp\htdocs\Gestion-Hotel\system\Database\MigrationRunner.php(867): App\Database\Migrations\Users->up()
#6 C:\xampp\htdocs\Gestion-Hotel\system\Database\MigrationRunner.php(183): CodeIgniter\Database\MigrationRunner->migrate()
#7 C:\xampp\htdocs\Gestion-Hotel\system\Commands\Database\Migrate.php(85): CodeIgniter\Database\MigrationRunner->latest()
#8 C:\xampp\htdocs\Gestion-Hotel\system\CLI\Commands.php(70): CodeIgniter\Commands\Database\Migrate->run()
#9 C:\xampp\htdocs\Gestion-Hotel\system\CLI\Console.php(48): CodeIgniter\CLI\Commands->run()
#10 C:\xampp\htdocs\Gestion-Hotel\system\Boot.php(351): CodeIgniter\CLI\Console->run()
#11 C:\xampp\htdocs\Gestion-Hotel\system\Boot.php(104): CodeIgniter\Boot::runCommand()
#12 C:\xampp\htdocs\Gestion-Hotel\spark(84): CodeIgniter\Boot::bootSpark()
#13 {main}
ERROR - 2024-11-04 23:20:07 --> mysqli_sql_exception: You have an error in your SQL syntax; check the manual that corresponds to your MariaDB server version for the right syntax to use near '1 PRIMARY KEY(`id`)
) DEFAULT CHARACTER SET = utf8mb4 COLLATE = utf8mb4_gener...' at line 9 in C:\xampp\htdocs\Gestion-Hotel\system\Database\MySQLi\Connection.php:312
Stack trace:
#0 C:\xampp\htdocs\Gestion-Hotel\system\Database\MySQLi\Connection.php(312): mysqli->query()
#1 C:\xampp\htdocs\Gestion-Hotel\system\Database\BaseConnection.php(734): CodeIgniter\Database\MySQLi\Connection->execute()
#2 C:\xampp\htdocs\Gestion-Hotel\system\Database\BaseConnection.php(648): CodeIgniter\Database\BaseConnection->simpleQuery()
#3 C:\xampp\htdocs\Gestion-Hotel\system\Database\Forge.php(570): CodeIgniter\Database\BaseConnection->query()
#4 C:\xampp\htdocs\Gestion-Hotel\app\Database\Migrations\2024-11-04-194134_Users.php(23): CodeIgniter\Database\Forge->createTable()
#5 C:\xampp\htdocs\Gestion-Hotel\system\Database\MigrationRunner.php(867): App\Database\Migrations\Users->up()
#6 C:\xampp\htdocs\Gestion-Hotel\system\Database\MigrationRunner.php(183): CodeIgniter\Database\MigrationRunner->migrate()
#7 C:\xampp\htdocs\Gestion-Hotel\system\Commands\Database\Migrate.php(85): CodeIgniter\Database\MigrationRunner->latest()
#8 C:\xampp\htdocs\Gestion-Hotel\system\CLI\Commands.php(70): CodeIgniter\Commands\Database\Migrate->run()
#9 C:\xampp\htdocs\Gestion-Hotel\system\CLI\Console.php(48): CodeIgniter\CLI\Commands->run()
#10 C:\xampp\htdocs\Gestion-Hotel\system\Boot.php(351): CodeIgniter\CLI\Console->run()
#11 C:\xampp\htdocs\Gestion-Hotel\system\Boot.php(104): CodeIgniter\Boot::runCommand()
#12 C:\xampp\htdocs\Gestion-Hotel\spark(84): CodeIgniter\Boot::bootSpark()
#13 {main}
ERROR - 2024-11-04 23:22:03 --> mysqli_sql_exception: You have an error in your SQL syntax; check the manual that corresponds to your MariaDB server version for the right syntax to use near '1 PRIMARY KEY(`id`)
) DEFAULT CHARACTER SET = utf8mb4 COLLATE = utf8mb4_gener...' at line 9 in C:\xampp\htdocs\Gestion-Hotel\system\Database\MySQLi\Connection.php:312
Stack trace:
#0 C:\xampp\htdocs\Gestion-Hotel\system\Database\MySQLi\Connection.php(312): mysqli->query()
#1 C:\xampp\htdocs\Gestion-Hotel\system\Database\BaseConnection.php(734): CodeIgniter\Database\MySQLi\Connection->execute()
#2 C:\xampp\htdocs\Gestion-Hotel\system\Database\BaseConnection.php(648): CodeIgniter\Database\BaseConnection->simpleQuery()
#3 C:\xampp\htdocs\Gestion-Hotel\system\Database\Forge.php(570): CodeIgniter\Database\BaseConnection->query()
#4 C:\xampp\htdocs\Gestion-Hotel\app\Database\Migrations\2024-11-04-194134_Users.php(23): CodeIgniter\Database\Forge->createTable()
#5 C:\xampp\htdocs\Gestion-Hotel\system\Database\MigrationRunner.php(867): App\Database\Migrations\Users->up()
#6 C:\xampp\htdocs\Gestion-Hotel\system\Database\MigrationRunner.php(183): CodeIgniter\Database\MigrationRunner->migrate()
#7 C:\xampp\htdocs\Gestion-Hotel\system\Commands\Database\Migrate.php(85): CodeIgniter\Database\MigrationRunner->latest()
#8 C:\xampp\htdocs\Gestion-Hotel\system\CLI\Commands.php(70): CodeIgniter\Commands\Database\Migrate->run()
#9 C:\xampp\htdocs\Gestion-Hotel\system\CLI\Console.php(48): CodeIgniter\CLI\Commands->run()
#10 C:\xampp\htdocs\Gestion-Hotel\system\Boot.php(351): CodeIgniter\CLI\Console->run()
#11 C:\xampp\htdocs\Gestion-Hotel\system\Boot.php(104): CodeIgniter\Boot::runCommand()
#12 C:\xampp\htdocs\Gestion-Hotel\spark(84): CodeIgniter\Boot::bootSpark()
#13 {main}
ERROR - 2024-11-04 23:34:19 --> mysqli_sql_exception: You have an error in your SQL syntax; check the manual that corresponds to your MariaDB server version for the right syntax to use near '1 PRIMARY KEY(`id`)
) DEFAULT CHARACTER SET = utf8mb4 COLLATE = utf8mb4_gener...' at line 9 in C:\xampp\htdocs\Gestion-Hotel\system\Database\MySQLi\Connection.php:312
Stack trace:
#0 C:\xampp\htdocs\Gestion-Hotel\system\Database\MySQLi\Connection.php(312): mysqli->query()
#1 C:\xampp\htdocs\Gestion-Hotel\system\Database\BaseConnection.php(734): CodeIgniter\Database\MySQLi\Connection->execute()
#2 C:\xampp\htdocs\Gestion-Hotel\system\Database\BaseConnection.php(648): CodeIgniter\Database\BaseConnection->simpleQuery()
#3 C:\xampp\htdocs\Gestion-Hotel\system\Database\Forge.php(570): CodeIgniter\Database\BaseConnection->query()
#4 C:\xampp\htdocs\Gestion-Hotel\app\Database\Migrations\2024-11-04-194134_Users.php(23): CodeIgniter\Database\Forge->createTable()
#5 C:\xampp\htdocs\Gestion-Hotel\system\Database\MigrationRunner.php(867): App\Database\Migrations\Users->up()
#6 C:\xampp\htdocs\Gestion-Hotel\system\Database\MigrationRunner.php(183): CodeIgniter\Database\MigrationRunner->migrate()
#7 C:\xampp\htdocs\Gestion-Hotel\system\Commands\Database\Migrate.php(85): CodeIgniter\Database\MigrationRunner->latest()
#8 C:\xampp\htdocs\Gestion-Hotel\system\CLI\Commands.php(70): CodeIgniter\Commands\Database\Migrate->run()
#9 C:\xampp\htdocs\Gestion-Hotel\system\CLI\Console.php(48): CodeIgniter\CLI\Commands->run()
#10 C:\xampp\htdocs\Gestion-Hotel\system\Boot.php(351): CodeIgniter\CLI\Console->run()
#11 C:\xampp\htdocs\Gestion-Hotel\system\Boot.php(104): CodeIgniter\Boot::runCommand()
#12 C:\xampp\htdocs\Gestion-Hotel\spark(84): CodeIgniter\Boot::bootSpark()
#13 {main}
ERROR - 2024-11-04 23:42:19 --> mysqli_sql_exception: You have an error in your SQL syntax; check the manual that corresponds to your MariaDB server version for the right syntax to use near '1 PRIMARY KEY(`id`)
) DEFAULT CHARACTER SET = utf8mb4 COLLATE = utf8mb4_gener...' at line 9 in C:\xampp\htdocs\Gestion-Hotel\system\Database\MySQLi\Connection.php:312
Stack trace:
#0 C:\xampp\htdocs\Gestion-Hotel\system\Database\MySQLi\Connection.php(312): mysqli->query()
#1 C:\xampp\htdocs\Gestion-Hotel\system\Database\BaseConnection.php(734): CodeIgniter\Database\MySQLi\Connection->execute()
#2 C:\xampp\htdocs\Gestion-Hotel\system\Database\BaseConnection.php(648): CodeIgniter\Database\BaseConnection->simpleQuery()
#3 C:\xampp\htdocs\Gestion-Hotel\system\Database\Forge.php(570): CodeIgniter\Database\BaseConnection->query()
#4 C:\xampp\htdocs\Gestion-Hotel\app\Database\Migrations\2024-11-04-194134_Users.php(23): CodeIgniter\Database\Forge->createTable()
#5 C:\xampp\htdocs\Gestion-Hotel\system\Database\MigrationRunner.php(867): App\Database\Migrations\Users->up()
#6 C:\xampp\htdocs\Gestion-Hotel\system\Database\MigrationRunner.php(183): CodeIgniter\Database\MigrationRunner->migrate()
#7 C:\xampp\htdocs\Gestion-Hotel\system\Commands\Database\Migrate.php(85): CodeIgniter\Database\MigrationRunner->latest()
#8 C:\xampp\htdocs\Gestion-Hotel\system\CLI\Commands.php(70): CodeIgniter\Commands\Database\Migrate->run()
#9 C:\xampp\htdocs\Gestion-Hotel\system\CLI\BaseCommand.php(119): CodeIgniter\CLI\Commands->run()
#10 C:\xampp\htdocs\Gestion-Hotel\system\Commands\Database\MigrateRefresh.php(87): CodeIgniter\CLI\BaseCommand->call()
#11 C:\xampp\htdocs\Gestion-Hotel\system\CLI\Commands.php(70): CodeIgniter\Commands\Database\MigrateRefresh->run()
#12 C:\xampp\htdocs\Gestion-Hotel\system\CLI\Console.php(48): CodeIgniter\CLI\Commands->run()
#13 C:\xampp\htdocs\Gestion-Hotel\system\Boot.php(351): CodeIgniter\CLI\Console->run()
#14 C:\xampp\htdocs\Gestion-Hotel\system\Boot.php(104): CodeIgniter\Boot::runCommand()
#15 C:\xampp\htdocs\Gestion-Hotel\spark(84): CodeIgniter\Boot::bootSpark()
#16 {main}
ERROR - 2024-11-04 23:48:57 --> mysqli_sql_exception: Can't create table `gestion_hotel`.`paiements` (errno: 150 "Foreign key constraint is incorrectly formed") in C:\xampp\htdocs\Gestion-Hotel\system\Database\MySQLi\Connection.php:312
Stack trace:
#0 C:\xampp\htdocs\Gestion-Hotel\system\Database\MySQLi\Connection.php(312): mysqli->query()
#1 C:\xampp\htdocs\Gestion-Hotel\system\Database\BaseConnection.php(734): CodeIgniter\Database\MySQLi\Connection->execute()
#2 C:\xampp\htdocs\Gestion-Hotel\system\Database\BaseConnection.php(648): CodeIgniter\Database\BaseConnection->simpleQuery()
#3 C:\xampp\htdocs\Gestion-Hotel\system\Database\Forge.php(570): CodeIgniter\Database\BaseConnection->query()
#4 C:\xampp\htdocs\Gestion-Hotel\app\Database\Migrations\2024-11-04-194225_Paiements.php(21): CodeIgniter\Database\Forge->createTable()
#5 C:\xampp\htdocs\Gestion-Hotel\system\Database\MigrationRunner.php(867): App\Database\Migrations\Paiements->up()
#6 C:\xampp\htdocs\Gestion-Hotel\system\Database\MigrationRunner.php(183): CodeIgniter\Database\MigrationRunner->migrate()
#7 C:\xampp\htdocs\Gestion-Hotel\system\Commands\Database\Migrate.php(85): CodeIgniter\Database\MigrationRunner->latest()
#8 C:\xampp\htdocs\Gestion-Hotel\system\CLI\Commands.php(70): CodeIgniter\Commands\Database\Migrate->run()
#9 C:\xampp\htdocs\Gestion-Hotel\system\CLI\Console.php(48): CodeIgniter\CLI\Commands->run()
#10 C:\xampp\htdocs\Gestion-Hotel\system\Boot.php(351): CodeIgniter\CLI\Console->run()
#11 C:\xampp\htdocs\Gestion-Hotel\system\Boot.php(104): CodeIgniter\Boot::runCommand()
#12 C:\xampp\htdocs\Gestion-Hotel\spark(84): CodeIgniter\Boot::bootSpark()
#13 {main}
ERROR - 2024-11-04 23:54:17 --> mysqli_sql_exception: Can't create table `gestion_hotel`.`paiements` (errno: 150 "Foreign key constraint is incorrectly formed") in C:\xampp\htdocs\Gestion-Hotel\system\Database\MySQLi\Connection.php:312
Stack trace:
#0 C:\xampp\htdocs\Gestion-Hotel\system\Database\MySQLi\Connection.php(312): mysqli->query()
#1 C:\xampp\htdocs\Gestion-Hotel\system\Database\BaseConnection.php(734): CodeIgniter\Database\MySQLi\Connection->execute()
#2 C:\xampp\htdocs\Gestion-Hotel\system\Database\BaseConnection.php(648): CodeIgniter\Database\BaseConnection->simpleQuery()
#3 C:\xampp\htdocs\Gestion-Hotel\system\Database\Forge.php(570): CodeIgniter\Database\BaseConnection->query()
#4 C:\xampp\htdocs\Gestion-Hotel\app\Database\Migrations\2024-11-04-194225_Paiements.php(21): CodeIgniter\Database\Forge->createTable()
#5 C:\xampp\htdocs\Gestion-Hotel\system\Database\MigrationRunner.php(867): App\Database\Migrations\Paiements->up()
#6 C:\xampp\htdocs\Gestion-Hotel\system\Database\MigrationRunner.php(183): CodeIgniter\Database\MigrationRunner->migrate()
#7 C:\xampp\htdocs\Gestion-Hotel\system\Commands\Database\Migrate.php(85): CodeIgniter\Database\MigrationRunner->latest()
#8 C:\xampp\htdocs\Gestion-Hotel\system\CLI\Commands.php(70): CodeIgniter\Commands\Database\Migrate->run()
#9 C:\xampp\htdocs\Gestion-Hotel\system\CLI\Console.php(48): CodeIgniter\CLI\Commands->run()
#10 C:\xampp\htdocs\Gestion-Hotel\system\Boot.php(351): CodeIgniter\CLI\Console->run()
#11 C:\xampp\htdocs\Gestion-Hotel\system\Boot.php(104): CodeIgniter\Boot::runCommand()
#12 C:\xampp\htdocs\Gestion-Hotel\spark(84): CodeIgniter\Boot::bootSpark()
#13 {main}
ERROR - 2024-11-04 23:57:34 --> mysqli_sql_exception: Can't create table `gestion_hotel`.`paiements` (errno: 150 "Foreign key constraint is incorrectly formed") in C:\xampp\htdocs\Gestion-Hotel\system\Database\MySQLi\Connection.php:312
Stack trace:
#0 C:\xampp\htdocs\Gestion-Hotel\system\Database\MySQLi\Connection.php(312): mysqli->query()
#1 C:\xampp\htdocs\Gestion-Hotel\system\Database\BaseConnection.php(734): CodeIgniter\Database\MySQLi\Connection->execute()
#2 C:\xampp\htdocs\Gestion-Hotel\system\Database\BaseConnection.php(648): CodeIgniter\Database\BaseConnection->simpleQuery()
#3 C:\xampp\htdocs\Gestion-Hotel\system\Database\Forge.php(570): CodeIgniter\Database\BaseConnection->query()
#4 C:\xampp\htdocs\Gestion-Hotel\app\Database\Migrations\2024-11-04-194225_Paiements.php(21): CodeIgniter\Database\Forge->createTable()
#5 C:\xampp\htdocs\Gestion-Hotel\system\Database\MigrationRunner.php(867): App\Database\Migrations\Paiements->up()
#6 C:\xampp\htdocs\Gestion-Hotel\system\Database\MigrationRunner.php(183): CodeIgniter\Database\MigrationRunner->migrate()
#7 C:\xampp\htdocs\Gestion-Hotel\system\Commands\Database\Migrate.php(85): CodeIgniter\Database\MigrationRunner->latest()
#8 C:\xampp\htdocs\Gestion-Hotel\system\CLI\Commands.php(70): CodeIgniter\Commands\Database\Migrate->run()
#9 C:\xampp\htdocs\Gestion-Hotel\system\CLI\Console.php(48): CodeIgniter\CLI\Commands->run()
#10 C:\xampp\htdocs\Gestion-Hotel\system\Boot.php(351): CodeIgniter\CLI\Console->run()
#11 C:\xampp\htdocs\Gestion-Hotel\system\Boot.php(104): CodeIgniter\Boot::runCommand()
#12 C:\xampp\htdocs\Gestion-Hotel\spark(84): CodeIgniter\Boot::bootSpark()
#13 {main}
