ERROR - 2024-11-10 11:34:31 --> Error connecting to the database: mysqli_sql_exception: No connection could be made because the target machine actively refused it in C:\xampp\htdocs\Gestion-Hotel\system\Database\MySQLi\Connection.php:186
Stack trace:
#0 C:\xampp\htdocs\Gestion-Hotel\system\Database\MySQLi\Connection.php(186): mysqli->real_connect()
#1 C:\xampp\htdocs\Gestion-Hotel\system\Database\BaseConnection.php(421): CodeIgniter\Database\MySQLi\Connection->connect()
#2 C:\xampp\htdocs\Gestion-Hotel\system\Database\BaseConnection.php(616): CodeIgniter\Database\BaseConnection->initialize()
#3 C:\xampp\htdocs\Gestion-Hotel\system\Database\BaseConnection.php(1485): CodeIgniter\Database\BaseConnection->query()
#4 C:\xampp\htdocs\Gestion-Hotel\system\Database\BaseConnection.php(1505): CodeIgniter\Database\BaseConnection->listTables()
#5 C:\xampp\htdocs\Gestion-Hotel\system\Database\MigrationRunner.php(759): CodeIgniter\Database\BaseConnection->tableExists()
#6 C:\xampp\htdocs\Gestion-Hotel\system\Database\MigrationRunner.php(232): CodeIgniter\Database\MigrationRunner->ensureTable()
#7 C:\xampp\htdocs\Gestion-Hotel\system\Commands\Database\MigrateRollback.php(101): CodeIgniter\Database\MigrationRunner->regress()
#8 C:\xampp\htdocs\Gestion-Hotel\system\CLI\Commands.php(70): CodeIgniter\Commands\Database\MigrateRollback->run()
#9 C:\xampp\htdocs\Gestion-Hotel\system\CLI\BaseCommand.php(119): CodeIgniter\CLI\Commands->run()
#10 C:\xampp\htdocs\Gestion-Hotel\system\Commands\Database\MigrateRefresh.php(86): CodeIgniter\CLI\BaseCommand->call()
#11 C:\xampp\htdocs\Gestion-Hotel\system\CLI\Commands.php(70): CodeIgniter\Commands\Database\MigrateRefresh->run()
#12 C:\xampp\htdocs\Gestion-Hotel\system\CLI\Console.php(48): CodeIgniter\CLI\Commands->run()
#13 C:\xampp\htdocs\Gestion-Hotel\system\Boot.php(351): CodeIgniter\CLI\Console->run()
#14 C:\xampp\htdocs\Gestion-Hotel\system\Boot.php(104): CodeIgniter\Boot::runCommand()
#15 C:\xampp\htdocs\Gestion-Hotel\spark(84): CodeIgniter\Boot::bootSpark()
#16 {main}

Next CodeIgniter\Database\Exceptions\DatabaseException: No connection could be made because the target machine actively refused it in C:\xampp\htdocs\Gestion-Hotel\system\Database\MySQLi\Connection.php:231
Stack trace:
#0 C:\xampp\htdocs\Gestion-Hotel\system\Database\BaseConnection.php(421): CodeIgniter\Database\MySQLi\Connection->connect()
#1 C:\xampp\htdocs\Gestion-Hotel\system\Database\BaseConnection.php(616): CodeIgniter\Database\BaseConnection->initialize()
#2 C:\xampp\htdocs\Gestion-Hotel\system\Database\BaseConnection.php(1485): CodeIgniter\Database\BaseConnection->query()
#3 C:\xampp\htdocs\Gestion-Hotel\system\Database\BaseConnection.php(1505): CodeIgniter\Database\BaseConnection->listTables()
#4 C:\xampp\htdocs\Gestion-Hotel\system\Database\MigrationRunner.php(759): CodeIgniter\Database\BaseConnection->tableExists()
#5 C:\xampp\htdocs\Gestion-Hotel\system\Database\MigrationRunner.php(232): CodeIgniter\Database\MigrationRunner->ensureTable()
#6 C:\xampp\htdocs\Gestion-Hotel\system\Commands\Database\MigrateRollback.php(101): CodeIgniter\Database\MigrationRunner->regress()
#7 C:\xampp\htdocs\Gestion-Hotel\system\CLI\Commands.php(70): CodeIgniter\Commands\Database\MigrateRollback->run()
#8 C:\xampp\htdocs\Gestion-Hotel\system\CLI\BaseCommand.php(119): CodeIgniter\CLI\Commands->run()
#9 C:\xampp\htdocs\Gestion-Hotel\system\Commands\Database\MigrateRefresh.php(86): CodeIgniter\CLI\BaseCommand->call()
#10 C:\xampp\htdocs\Gestion-Hotel\system\CLI\Commands.php(70): CodeIgniter\Commands\Database\MigrateRefresh->run()
#11 C:\xampp\htdocs\Gestion-Hotel\system\CLI\Console.php(48): CodeIgniter\CLI\Commands->run()
#12 C:\xampp\htdocs\Gestion-Hotel\system\Boot.php(351): CodeIgniter\CLI\Console->run()
#13 C:\xampp\htdocs\Gestion-Hotel\system\Boot.php(104): CodeIgniter\Boot::runCommand()
#14 C:\xampp\htdocs\Gestion-Hotel\spark(84): CodeIgniter\Boot::bootSpark()
#15 {main}
ERROR - 2024-11-10 15:06:10 --> mysqli_sql_exception: Can't DROP FOREIGN KEY `chambre_type_chambre_id_foreign`; check that it exists in C:\xampp\htdocs\Gestion-Hotel\system\Database\MySQLi\Connection.php:312
Stack trace:
#0 C:\xampp\htdocs\Gestion-Hotel\system\Database\MySQLi\Connection.php(312): mysqli->query()
#1 C:\xampp\htdocs\Gestion-Hotel\system\Database\BaseConnection.php(734): CodeIgniter\Database\MySQLi\Connection->execute()
#2 C:\xampp\htdocs\Gestion-Hotel\system\Database\BaseConnection.php(648): CodeIgniter\Database\BaseConnection->simpleQuery()
#3 C:\xampp\htdocs\Gestion-Hotel\system\Database\Forge.php(539): CodeIgniter\Database\BaseConnection->query()
#4 C:\xampp\htdocs\Gestion-Hotel\app\Database\Migrations\2024-11-10-114653_ModifierChambre.php(25): CodeIgniter\Database\Forge->dropForeignKey()
#5 C:\xampp\htdocs\Gestion-Hotel\system\Database\MigrationRunner.php(867): App\Database\Migrations\ModifierChambre->down()
#6 C:\xampp\htdocs\Gestion-Hotel\system\Database\MigrationRunner.php(290): CodeIgniter\Database\MigrationRunner->migrate()
#7 C:\xampp\htdocs\Gestion-Hotel\system\Commands\Database\MigrateRollback.php(101): CodeIgniter\Database\MigrationRunner->regress()
#8 C:\xampp\htdocs\Gestion-Hotel\system\CLI\Commands.php(70): CodeIgniter\Commands\Database\MigrateRollback->run()
#9 C:\xampp\htdocs\Gestion-Hotel\system\CLI\BaseCommand.php(119): CodeIgniter\CLI\Commands->run()
#10 C:\xampp\htdocs\Gestion-Hotel\system\Commands\Database\MigrateRefresh.php(86): CodeIgniter\CLI\BaseCommand->call()
#11 C:\xampp\htdocs\Gestion-Hotel\system\CLI\Commands.php(70): CodeIgniter\Commands\Database\MigrateRefresh->run()
#12 C:\xampp\htdocs\Gestion-Hotel\system\CLI\Console.php(48): CodeIgniter\CLI\Commands->run()
#13 C:\xampp\htdocs\Gestion-Hotel\system\Boot.php(351): CodeIgniter\CLI\Console->run()
#14 C:\xampp\htdocs\Gestion-Hotel\system\Boot.php(104): CodeIgniter\Boot::runCommand()
#15 C:\xampp\htdocs\Gestion-Hotel\spark(84): CodeIgniter\Boot::bootSpark()
#16 {main}
CRITICAL - 2024-11-10 16:01:38 --> CodeIgniter\View\Exceptions\ViewException: Invalid file: "welcome_message.php"
[Method: GET, Route: /]
in SYSTEMPATH\Exceptions\FrameworkException.php on line 41.
 1 SYSTEMPATH\View\View.php(222): CodeIgniter\Exceptions\FrameworkException::forInvalidFile()
 2 SYSTEMPATH\Common.php(1171): CodeIgniter\View\View->render()
 3 APPPATH\Controllers\Home.php(9): view()
 4 SYSTEMPATH\CodeIgniter.php(933): App\Controllers\Home->index()
 5 SYSTEMPATH\CodeIgniter.php(509): CodeIgniter\CodeIgniter->runController()
 6 SYSTEMPATH\CodeIgniter.php(355): CodeIgniter\CodeIgniter->handleRequest()
 7 SYSTEMPATH\Boot.php(325): CodeIgniter\CodeIgniter->run()
 8 SYSTEMPATH\Boot.php(67): CodeIgniter\Boot::runCodeIgniter()
 9 FCPATH\index.php(56): CodeIgniter\Boot::bootWeb()
10 SYSTEMPATH\rewrite.php(44): require_once('C:\\xampp\\htdocs\\Gestion-Hotel\\public\\index.php')
CRITICAL - 2024-11-10 16:03:59 --> CodeIgniter\View\Exceptions\ViewException: Invalid file: "Admin/chambres.php"
[Method: GET, Route: /]
in SYSTEMPATH\Exceptions\FrameworkException.php on line 41.
 1 SYSTEMPATH\View\View.php(222): CodeIgniter\Exceptions\FrameworkException::forInvalidFile()
 2 SYSTEMPATH\Common.php(1171): CodeIgniter\View\View->render()
 3 APPPATH\Controllers\Home.php(9): view()
 4 SYSTEMPATH\CodeIgniter.php(933): App\Controllers\Home->index()
 5 SYSTEMPATH\CodeIgniter.php(509): CodeIgniter\CodeIgniter->runController()
 6 SYSTEMPATH\CodeIgniter.php(355): CodeIgniter\CodeIgniter->handleRequest()
 7 SYSTEMPATH\Boot.php(325): CodeIgniter\CodeIgniter->run()
 8 SYSTEMPATH\Boot.php(67): CodeIgniter\Boot::runCodeIgniter()
 9 FCPATH\index.php(56): CodeIgniter\Boot::bootWeb()
10 SYSTEMPATH\rewrite.php(44): require_once('C:\\xampp\\htdocs\\Gestion-Hotel\\public\\index.php')
CRITICAL - 2024-11-10 16:04:18 --> CodeIgniter\View\Exceptions\ViewException: Invalid file: "Admin/chambres/.php"
[Method: GET, Route: /]
in SYSTEMPATH\Exceptions\FrameworkException.php on line 41.
 1 SYSTEMPATH\View\View.php(222): CodeIgniter\Exceptions\FrameworkException::forInvalidFile()
 2 SYSTEMPATH\Common.php(1171): CodeIgniter\View\View->render()
 3 APPPATH\Controllers\Home.php(9): view()
 4 SYSTEMPATH\CodeIgniter.php(933): App\Controllers\Home->index()
 5 SYSTEMPATH\CodeIgniter.php(509): CodeIgniter\CodeIgniter->runController()
 6 SYSTEMPATH\CodeIgniter.php(355): CodeIgniter\CodeIgniter->handleRequest()
 7 SYSTEMPATH\Boot.php(325): CodeIgniter\CodeIgniter->run()
 8 SYSTEMPATH\Boot.php(67): CodeIgniter\Boot::runCodeIgniter()
 9 FCPATH\index.php(56): CodeIgniter\Boot::bootWeb()
10 SYSTEMPATH\rewrite.php(44): require_once('C:\\xampp\\htdocs\\Gestion-Hotel\\public\\index.php')
CRITICAL - 2024-11-10 16:04:31 --> ErrorException: Undefined variable $chambres
[Method: GET, Route: /]
in APPPATH\Views\Admin\chambres\index.php on line 15.
 1 APPPATH\Views\Admin\chambres\index.php(15): CodeIgniter\Debug\Exceptions->errorHandler()
 2 SYSTEMPATH\View\View.php(234): include('C:\\xampp\\htdocs\\Gestion-Hotel\\app\\Views\\Admin\\chambres\\index.php')
 3 SYSTEMPATH\View\View.php(237): CodeIgniter\View\View->CodeIgniter\View\{closure}()
 4 SYSTEMPATH\Common.php(1171): CodeIgniter\View\View->render()
 5 APPPATH\Controllers\Home.php(9): view()
 6 SYSTEMPATH\CodeIgniter.php(933): App\Controllers\Home->index()
 7 SYSTEMPATH\CodeIgniter.php(509): CodeIgniter\CodeIgniter->runController()
 8 SYSTEMPATH\CodeIgniter.php(355): CodeIgniter\CodeIgniter->handleRequest()
 9 SYSTEMPATH\Boot.php(325): CodeIgniter\CodeIgniter->run()
10 SYSTEMPATH\Boot.php(67): CodeIgniter\Boot::runCodeIgniter()
11 FCPATH\index.php(56): CodeIgniter\Boot::bootWeb()
12 SYSTEMPATH\rewrite.php(44): require_once('C:\\xampp\\htdocs\\Gestion-Hotel\\public\\index.php')
CRITICAL - 2024-11-10 16:17:31 --> CodeIgniter\Router\Exceptions\RouterException: The namespace delimiter is a backslash (\), not a slash (/). Route handler: "\App\Controllers\Admin/ChambreController::index"
[Method: GET, Route: admin/chambres]
in SYSTEMPATH\Router\Router.php on line 492.
 1 SYSTEMPATH\Router\Router.php(492): CodeIgniter\Router\Exceptions\RouterException::forInvalidControllerName()
 2 SYSTEMPATH\Router\Router.php(210): CodeIgniter\Router\Router->checkRoutes()
 3 SYSTEMPATH\CodeIgniter.php(834): CodeIgniter\Router\Router->handle()
 4 SYSTEMPATH\CodeIgniter.php(457): CodeIgniter\CodeIgniter->tryToRouteIt()
 5 SYSTEMPATH\CodeIgniter.php(355): CodeIgniter\CodeIgniter->handleRequest()
 6 SYSTEMPATH\Boot.php(325): CodeIgniter\CodeIgniter->run()
 7 SYSTEMPATH\Boot.php(67): CodeIgniter\Boot::runCodeIgniter()
 8 FCPATH\index.php(56): CodeIgniter\Boot::bootWeb()
 9 SYSTEMPATH\rewrite.php(44): require_once('C:\\xampp\\htdocs\\Gestion-Hotel\\public\\index.php')
CRITICAL - 2024-11-10 16:17:52 --> ErrorException: Undefined array key "description"
[Method: GET, Route: admin/chambres]
in APPPATH\Views\Admin\chambres\index.php on line 21.
 1 APPPATH\Views\Admin\chambres\index.php(21): CodeIgniter\Debug\Exceptions->errorHandler()
 2 SYSTEMPATH\View\View.php(234): include('C:\\xampp\\htdocs\\Gestion-Hotel\\app\\Views\\Admin\\chambres\\index.php')
 3 SYSTEMPATH\View\View.php(237): CodeIgniter\View\View->CodeIgniter\View\{closure}()
 4 SYSTEMPATH\Common.php(1171): CodeIgniter\View\View->render()
 5 APPPATH\Controllers\Admin\ChambreController.php(15): view()
 6 SYSTEMPATH\CodeIgniter.php(933): App\Controllers\Admin\ChambreController->index()
 7 SYSTEMPATH\CodeIgniter.php(509): CodeIgniter\CodeIgniter->runController()
 8 SYSTEMPATH\CodeIgniter.php(355): CodeIgniter\CodeIgniter->handleRequest()
 9 SYSTEMPATH\Boot.php(325): CodeIgniter\CodeIgniter->run()
10 SYSTEMPATH\Boot.php(67): CodeIgniter\Boot::runCodeIgniter()
11 FCPATH\index.php(56): CodeIgniter\Boot::bootWeb()
12 SYSTEMPATH\rewrite.php(44): require_once('C:\\xampp\\htdocs\\Gestion-Hotel\\public\\index.php')
CRITICAL - 2024-11-10 16:19:28 --> ErrorException: Undefined array key "description"
[Method: GET, Route: admin/chambres]
in APPPATH\Views\Admin\chambres\index.php on line 21.
 1 APPPATH\Views\Admin\chambres\index.php(21): CodeIgniter\Debug\Exceptions->errorHandler()
 2 SYSTEMPATH\View\View.php(234): include('C:\\xampp\\htdocs\\Gestion-Hotel\\app\\Views\\Admin\\chambres\\index.php')
 3 SYSTEMPATH\View\View.php(237): CodeIgniter\View\View->CodeIgniter\View\{closure}()
 4 SYSTEMPATH\Common.php(1171): CodeIgniter\View\View->render()
 5 APPPATH\Controllers\Admin\ChambreController.php(15): view()
 6 SYSTEMPATH\CodeIgniter.php(933): App\Controllers\Admin\ChambreController->index()
 7 SYSTEMPATH\CodeIgniter.php(509): CodeIgniter\CodeIgniter->runController()
 8 SYSTEMPATH\CodeIgniter.php(355): CodeIgniter\CodeIgniter->handleRequest()
 9 SYSTEMPATH\Boot.php(325): CodeIgniter\CodeIgniter->run()
10 SYSTEMPATH\Boot.php(67): CodeIgniter\Boot::runCodeIgniter()
11 FCPATH\index.php(56): CodeIgniter\Boot::bootWeb()
12 SYSTEMPATH\rewrite.php(44): require_once('C:\\xampp\\htdocs\\Gestion-Hotel\\public\\index.php')
ERROR - 2024-11-10 16:22:27 --> mysqli_sql_exception: Can't DROP COLUMN `description`; check that it exists in C:\xampp\htdocs\Gestion-Hotel\system\Database\MySQLi\Connection.php:312
Stack trace:
#0 C:\xampp\htdocs\Gestion-Hotel\system\Database\MySQLi\Connection.php(312): mysqli->query()
#1 C:\xampp\htdocs\Gestion-Hotel\system\Database\BaseConnection.php(734): CodeIgniter\Database\MySQLi\Connection->execute()
#2 C:\xampp\htdocs\Gestion-Hotel\system\Database\BaseConnection.php(648): CodeIgniter\Database\BaseConnection->simpleQuery()
#3 C:\xampp\htdocs\Gestion-Hotel\system\Database\Forge.php(799): CodeIgniter\Database\BaseConnection->query()
#4 C:\xampp\htdocs\Gestion-Hotel\app\Database\Migrations\2024-11-10-154805_AddDescriptionToChambres.php(22): CodeIgniter\Database\Forge->dropColumn()
#5 C:\xampp\htdocs\Gestion-Hotel\system\Database\MigrationRunner.php(867): App\Database\Migrations\AddDescriptionToChambres->down()
#6 C:\xampp\htdocs\Gestion-Hotel\system\Database\MigrationRunner.php(290): CodeIgniter\Database\MigrationRunner->migrate()
#7 C:\xampp\htdocs\Gestion-Hotel\system\Commands\Database\MigrateRollback.php(101): CodeIgniter\Database\MigrationRunner->regress()
#8 C:\xampp\htdocs\Gestion-Hotel\system\CLI\Commands.php(70): CodeIgniter\Commands\Database\MigrateRollback->run()
#9 C:\xampp\htdocs\Gestion-Hotel\system\CLI\BaseCommand.php(119): CodeIgniter\CLI\Commands->run()
#10 C:\xampp\htdocs\Gestion-Hotel\system\Commands\Database\MigrateRefresh.php(86): CodeIgniter\CLI\BaseCommand->call()
#11 C:\xampp\htdocs\Gestion-Hotel\system\CLI\Commands.php(70): CodeIgniter\Commands\Database\MigrateRefresh->run()
#12 C:\xampp\htdocs\Gestion-Hotel\system\CLI\Console.php(48): CodeIgniter\CLI\Commands->run()
#13 C:\xampp\htdocs\Gestion-Hotel\system\Boot.php(351): CodeIgniter\CLI\Console->run()
#14 C:\xampp\htdocs\Gestion-Hotel\system\Boot.php(104): CodeIgniter\Boot::runCommand()
#15 C:\xampp\htdocs\Gestion-Hotel\spark(84): CodeIgniter\Boot::bootSpark()
#16 {main}
INFO - 2024-11-10 17:49:41 --> request was not POST
INFO - 2024-11-10 17:50:05 --> request was not POST
INFO - 2024-11-10 17:50:44 --> request was not POST
INFO - 2024-11-10 17:51:49 --> request was not POST
INFO - 2024-11-10 17:56:01 --> request was not POST
INFO - 2024-11-10 17:56:01 --> Request Method: POST
INFO - 2024-11-10 17:57:02 --> request was not POST
INFO - 2024-11-10 17:57:02 --> Request Method: POST
INFO - 2024-11-10 17:57:50 --> Processing POST request
CRITICAL - 2024-11-10 18:06:52 --> ArgumentCountError: Too few arguments to function App\Controllers\Admin\ChambreController::edit(), 0 passed in C:\xampp\htdocs\Gestion-Hotel\system\CodeIgniter.php on line 933 and exactly 1 expected
[Method: GET, Route: admin/chambres/edit/]
in APPPATH\Controllers\Admin\ChambreController.php on line 43.
 1 SYSTEMPATH\CodeIgniter.php(933): App\Controllers\Admin\ChambreController->edit()
 2 SYSTEMPATH\CodeIgniter.php(509): CodeIgniter\CodeIgniter->runController()
 3 SYSTEMPATH\CodeIgniter.php(355): CodeIgniter\CodeIgniter->handleRequest()
 4 SYSTEMPATH\Boot.php(325): CodeIgniter\CodeIgniter->run()
 5 SYSTEMPATH\Boot.php(67): CodeIgniter\Boot::runCodeIgniter()
 6 FCPATH\index.php(56): CodeIgniter\Boot::bootWeb()
 7 SYSTEMPATH\rewrite.php(44): require_once('C:\\xampp\\htdocs\\Gestion-Hotel\\public\\index.php')
CRITICAL - 2024-11-10 18:06:54 --> ArgumentCountError: Too few arguments to function App\Controllers\Admin\ChambreController::edit(), 0 passed in C:\xampp\htdocs\Gestion-Hotel\system\CodeIgniter.php on line 933 and exactly 1 expected
[Method: GET, Route: admin/chambres/edit]
in APPPATH\Controllers\Admin\ChambreController.php on line 43.
 1 SYSTEMPATH\CodeIgniter.php(933): App\Controllers\Admin\ChambreController->edit()
 2 SYSTEMPATH\CodeIgniter.php(509): CodeIgniter\CodeIgniter->runController()
 3 SYSTEMPATH\CodeIgniter.php(355): CodeIgniter\CodeIgniter->handleRequest()
 4 SYSTEMPATH\Boot.php(325): CodeIgniter\CodeIgniter->run()
 5 SYSTEMPATH\Boot.php(67): CodeIgniter\Boot::runCodeIgniter()
 6 FCPATH\index.php(56): CodeIgniter\Boot::bootWeb()
 7 SYSTEMPATH\rewrite.php(44): require_once('C:\\xampp\\htdocs\\Gestion-Hotel\\public\\index.php')
CRITICAL - 2024-11-10 18:13:00 --> BadMethodCallException: Call to undefined method App\Models\ChambreModel::getChambreById
[Method: GET, Route: admin/chambres/edit/3]
in SYSTEMPATH\Model.php on line 932.
 1 APPPATH\Controllers\Admin\ChambreController.php(49): CodeIgniter\Model->__call()
 2 SYSTEMPATH\CodeIgniter.php(933): App\Controllers\Admin\ChambreController->edit()
 3 SYSTEMPATH\CodeIgniter.php(509): CodeIgniter\CodeIgniter->runController()
 4 SYSTEMPATH\CodeIgniter.php(355): CodeIgniter\CodeIgniter->handleRequest()
 5 SYSTEMPATH\Boot.php(325): CodeIgniter\CodeIgniter->run()
 6 SYSTEMPATH\Boot.php(67): CodeIgniter\Boot::runCodeIgniter()
 7 FCPATH\index.php(56): CodeIgniter\Boot::bootWeb()
 8 SYSTEMPATH\rewrite.php(44): require_once('C:\\xampp\\htdocs\\Gestion-Hotel\\public\\index.php')
CRITICAL - 2024-11-10 18:13:17 --> BadMethodCallException: Call to undefined method App\Models\ChambreModel::getChambreById
[Method: GET, Route: admin/chambres/edit/1]
in SYSTEMPATH\Model.php on line 932.
 1 APPPATH\Controllers\Admin\ChambreController.php(49): CodeIgniter\Model->__call()
 2 SYSTEMPATH\CodeIgniter.php(933): App\Controllers\Admin\ChambreController->edit()
 3 SYSTEMPATH\CodeIgniter.php(509): CodeIgniter\CodeIgniter->runController()
 4 SYSTEMPATH\CodeIgniter.php(355): CodeIgniter\CodeIgniter->handleRequest()
 5 SYSTEMPATH\Boot.php(325): CodeIgniter\CodeIgniter->run()
 6 SYSTEMPATH\Boot.php(67): CodeIgniter\Boot::runCodeIgniter()
 7 FCPATH\index.php(56): CodeIgniter\Boot::bootWeb()
 8 SYSTEMPATH\rewrite.php(44): require_once('C:\\xampp\\htdocs\\Gestion-Hotel\\public\\index.php')
